Unable to find the collection accessed by com.google.common.base.Splitter$2$1@35bb9083
Unable to find the collection accessed by com.google.common.collect.Iterators$7@19c3d065
Missing write events on 3161366371061726197
Missing write events on 3161366371061726197
Missing write events on 3161366371061726197
Missing write events on 3161366371061726197
Missing write events on 3161366371061726197
Missing write events on 3161366371061726197
Missing write events on 3161366371061726197
Unable to find the collection accessed by org.aspectj.weaver.Iterators$4@73f9a4dc
Unable to find the collection accessed by org.aspectj.weaver.Iterators$8@7a9f1582
Unable to find the collection accessed by org.aspectj.weaver.Iterators$2@39d1e3fc
Unable to find the collection accessed by org.aspectj.weaver.JoinPointSignatureIterator@44176cfa
Unable to find the collection accessed by org.aspectj.weaver.ResolvedType$SuperClassWalker@60262f0b
Unable to find the collection accessed by org.h2.mvstore.Cursor@7ad45b4b
Unable to find the collection accessed by org.h2.mvstore.db.TransactionStore$TransactionMap$2@54e42bd
Missing write events on 3161366371061726197
Unable to find the collection accessed by org.h2.mvstore.db.TransactionStore$TransactionMap$1@1bbc3a36
Missing write events on 3161366371061726197
Unable to find the collection accessed by org.h2.mvstore.db.TransactionStore$1@71956d5
Missing write events on 1713563119264986617
Missing write events on 3161366371061726197
Missing write events on 3161366371061726197
Missing write events on 3161366371061726197
Missing write events on 3161366371061726197
Missing write events on 3161366371061726197
