Unable to find the collection accessed by com.google.common.base.Splitter$2$1@694ddcab
Unable to find the collection accessed by com.google.common.collect.Iterators$7@272c6d97
Missing write events on 8982467007689522165
Missing write events on 8982467007689522165
Missing write events on 8982467007689522165
Missing write events on 8982467007689522165
Missing write events on 8982467007689522165
Missing write events on 8982467007689522165
Unable to find the collection accessed by java.util.ArrayList$Itr@373f2c72
Missing write events on 8982467007689522165
Unable to find the collection accessed by org.aspectj.weaver.Iterators$4@401bd1b9
Unable to find the collection accessed by org.aspectj.weaver.Iterators$8@35a9dffb
Unable to find the collection accessed by org.aspectj.weaver.Iterators$2@751ea31d
Unable to find the collection accessed by org.aspectj.weaver.JoinPointSignatureIterator@4649edd3
Unable to find the collection accessed by org.aspectj.weaver.ResolvedType$SuperClassWalker@49f508f9
Unable to find the collection accessed by org.h2.mvstore.Cursor@17185077
Unable to find the collection accessed by org.h2.mvstore.db.TransactionStore$TransactionMap$2@4858d85f
Missing write events on 8982467007689522165
Missing write events on 8982467007689522165
Unable to find the collection accessed by org.h2.mvstore.db.TransactionStore$TransactionMap$1@6439475d
Missing write events on 8982467007689522165
Missing write events on 8982467007689522165
Missing write events on 8982467007689522165
Missing write events on 8982467007689522165
Unable to find the collection accessed by org.h2.mvstore.db.TransactionStore$1@3bdc8df8
Missing write events on 4898904603363372552
Missing write events on 8982467007689522165
