Unable to resolve field org/slf4j/impl/StaticLoggerBinder.REQUESTED_API_VERSION in class org/slf4j/LoggerFactory
Unable to resolve field org/apache/xml/resolver/CatalogManager.debug in class org/apache/cxf/catalog/OASISCatalogManager
Unable to find the collection accessed by org.apache.cxf.phase.PhaseInterceptorChain$PhaseInterceptorIterator@21a39e13
Unable to resolve field com/alibaba/fastjson/parser/deserializer/FastjsonASMDeserializer_1_VO.ref_asm_prefix__ in class com/alibaba/fastjson/parser/deserializer/FastjsonASMDeserializer_1_VO
Unable to resolve field com/alibaba/fastjson/parser/deserializer/FastjsonASMDeserializer_1_VO.ref_asm_prefix__ in class com/alibaba/fastjson/parser/deserializer/FastjsonASMDeserializer_1_VO
Unable to resolve field com/alibaba/fastjson/parser/deserializer/FastjsonASMDeserializer_1_VO.ref_asm_deser__ in class com/alibaba/fastjson/parser/deserializer/FastjsonASMDeserializer_1_VO
Unable to resolve field com/alibaba/fastjson/parser/deserializer/FastjsonASMDeserializer_1_VO.ref_asm_deser__ in class com/alibaba/fastjson/parser/deserializer/FastjsonASMDeserializer_1_VO
Unable to resolve field com/alibaba/fastjson/parser/deserializer/FastjsonASMDeserializer_1_VO.ref_asm_deser__ in class com/alibaba/fastjson/parser/deserializer/FastjsonASMDeserializer_1_VO
Unable to resolve field com/alibaba/fastjson/parser/deserializer/FastjsonASMDeserializer_1_VO.ref_asm_deser__ in class com/alibaba/fastjson/parser/deserializer/FastjsonASMDeserializer_1_VO
Unable to resolve field com/alibaba/fastjson/parser/deserializer/FastjsonASMDeserializer_1_VO.ref_asm_deser__ in class com/alibaba/fastjson/parser/deserializer/FastjsonASMDeserializer_1_VO
Unable to resolve field com/alibaba/fastjson/parser/deserializer/FastjsonASMDeserializer_1_VO.ref_asm_deser__ in class com/alibaba/fastjson/parser/deserializer/FastjsonASMDeserializer_1_VO
Cannot retransform com/alibaba/fastjson/serializer/ASMSerializer_296_Model
java.lang.RuntimeException: Method code too large!
	at com.runtimeverification.rvpredict.internal.org.objectweb.asm.MethodWriter.a(Unknown Source)
	at com.runtimeverification.rvpredict.internal.org.objectweb.asm.ClassWriter.toByteArray(Unknown Source)
	at com.runtimeverification.rvpredict.instrument.transformer.ClassTransformer.transform(ClassTransformer.java:34)
	at com.runtimeverification.rvpredict.instrument.Agent.transform(Agent.java:202)
	at sun.instrument.TransformerManager.transform(TransformerManager.java:188)
	at sun.instrument.InstrumentationImpl.transform(InstrumentationImpl.java:428)
	at java.lang.ClassLoader.defineClass1(Native Method)
	at java.lang.ClassLoader.defineClass(ClassLoader.java:756)
	at com.alibaba.fastjson.util.ASMClassLoader.defineClassPublic(ASMClassLoader.java:174)
	at com.alibaba.fastjson.serializer.ASMSerializerFactory.createJavaBeanSerializer(ASMSerializerFactory.java:409)
	at com.alibaba.fastjson.serializer.SerializeConfig.createASMSerializer(SerializeConfig.java:90)
	at com.alibaba.fastjson.serializer.SerializeConfig.createJavaBeanSerializer(SerializeConfig.java:252)
	at com.alibaba.fastjson.serializer.SerializeConfig.createJavaBeanSerializer(SerializeConfig.java:118)
	at com.alibaba.fastjson.serializer.SerializeConfig.getObjectWriter(SerializeConfig.java:821)
	at com.alibaba.fastjson.serializer.SerializeConfig.getObjectWriter(SerializeConfig.java:440)
	at com.alibaba.fastjson.serializer.JSONSerializer.getObjectWriter(JSONSerializer.java:448)
	at com.alibaba.fastjson.serializer.JSONSerializer.write(JSONSerializer.java:309)
	at com.alibaba.fastjson.JSON.toJSONString(JSON.java:793)
	at com.alibaba.fastjson.JSON.toJSONString(JSON.java:731)
	at com.alibaba.fastjson.JSON.toJSONString(JSON.java:688)
	at com.alibaba.json.bvt.issue_2700.Issue2779.test_for_issue(Issue2779.java:11)
	at sun.reflect.NativeMethodAccessorImpl.invoke0(Native Method)
	at sun.reflect.NativeMethodAccessorImpl.invoke(NativeMethodAccessorImpl.java:62)
	at sun.reflect.DelegatingMethodAccessorImpl.invoke(DelegatingMethodAccessorImpl.java:43)
	at java.lang.reflect.Method.invoke(Method.java:498)
	at junit.framework.TestCase.runTest(TestCase.java:177)
	at junit.framework.TestCase.runBare(TestCase.java:142)
	at junit.framework.TestResult$1.protect(TestResult.java:122)
	at junit.framework.TestResult.runProtected(TestResult.java:142)
	at junit.framework.TestResult.run(TestResult.java:125)
	at junit.framework.TestCase.run(TestCase.java:130)
	at junit.framework.TestSuite.runTest(TestSuite.java:241)
	at junit.framework.TestSuite.run(TestSuite.java:236)
	at org.junit.internal.runners.JUnit38ClassRunner.run(JUnit38ClassRunner.java:90)
	at org.apache.maven.surefire.junit4.JUnit4Provider.execute(JUnit4Provider.java:364)
	at org.apache.maven.surefire.junit4.JUnit4Provider.executeWithRerun(JUnit4Provider.java:272)
	at org.apache.maven.surefire.junit4.JUnit4Provider.executeTestSet(JUnit4Provider.java:237)
	at org.apache.maven.surefire.junit4.JUnit4Provider.invoke(JUnit4Provider.java:158)
	at org.apache.maven.surefire.booter.ForkedBooter.runSuitesInProcess(ForkedBooter.java:428)
	at org.apache.maven.surefire.booter.ForkedBooter.execute(ForkedBooter.java:162)
	at org.apache.maven.surefire.booter.ForkedBooter.run(ForkedBooter.java:562)
	at org.apache.maven.surefire.booter.ForkedBooter.main(ForkedBooter.java:548)
Cannot retransform com/alibaba/fastjson/parser/deserializer/FastjsonASMDeserializer_163_Model
java.lang.RuntimeException: Method code too large!
	at com.runtimeverification.rvpredict.internal.org.objectweb.asm.MethodWriter.a(Unknown Source)
	at com.runtimeverification.rvpredict.internal.org.objectweb.asm.ClassWriter.toByteArray(Unknown Source)
	at com.runtimeverification.rvpredict.instrument.transformer.ClassTransformer.transform(ClassTransformer.java:34)
	at com.runtimeverification.rvpredict.instrument.Agent.transform(Agent.java:202)
	at sun.instrument.TransformerManager.transform(TransformerManager.java:188)
	at sun.instrument.InstrumentationImpl.transform(InstrumentationImpl.java:428)
	at java.lang.ClassLoader.defineClass1(Native Method)
	at java.lang.ClassLoader.defineClass(ClassLoader.java:756)
	at com.alibaba.fastjson.util.ASMClassLoader.defineClassPublic(ASMClassLoader.java:174)
	at com.alibaba.fastjson.parser.deserializer.ASMDeserializerFactory.createJavaBeanDeserializer(ASMDeserializerFactory.java:86)
	at com.alibaba.fastjson.parser.ParserConfig.createJavaBeanDeserializer(ParserConfig.java:1102)
	at com.alibaba.fastjson.parser.ParserConfig.getDeserializer(ParserConfig.java:908)
	at com.alibaba.fastjson.parser.ParserConfig.getDeserializer(ParserConfig.java:613)
	at com.alibaba.fastjson.parser.DefaultJSONParser.parseObject(DefaultJSONParser.java:696)
	at com.alibaba.fastjson.JSON.parseObject(JSON.java:394)
	at com.alibaba.fastjson.JSON.parseObject(JSON.java:298)
	at com.alibaba.fastjson.JSON.parseObject(JSON.java:588)
	at com.alibaba.json.bvt.issue_2700.Issue2779.test_for_issue(Issue2779.java:12)
	at sun.reflect.NativeMethodAccessorImpl.invoke0(Native Method)
	at sun.reflect.NativeMethodAccessorImpl.invoke(NativeMethodAccessorImpl.java:62)
	at sun.reflect.DelegatingMethodAccessorImpl.invoke(DelegatingMethodAccessorImpl.java:43)
	at java.lang.reflect.Method.invoke(Method.java:498)
	at junit.framework.TestCase.runTest(TestCase.java:177)
	at junit.framework.TestCase.runBare(TestCase.java:142)
	at junit.framework.TestResult$1.protect(TestResult.java:122)
	at junit.framework.TestResult.runProtected(TestResult.java:142)
	at junit.framework.TestResult.run(TestResult.java:125)
	at junit.framework.TestCase.run(TestCase.java:130)
	at junit.framework.TestSuite.runTest(TestSuite.java:241)
	at junit.framework.TestSuite.run(TestSuite.java:236)
	at org.junit.internal.runners.JUnit38ClassRunner.run(JUnit38ClassRunner.java:90)
	at org.apache.maven.surefire.junit4.JUnit4Provider.execute(JUnit4Provider.java:364)
	at org.apache.maven.surefire.junit4.JUnit4Provider.executeWithRerun(JUnit4Provider.java:272)
	at org.apache.maven.surefire.junit4.JUnit4Provider.executeTestSet(JUnit4Provider.java:237)
	at org.apache.maven.surefire.junit4.JUnit4Provider.invoke(JUnit4Provider.java:158)
	at org.apache.maven.surefire.booter.ForkedBooter.runSuitesInProcess(ForkedBooter.java:428)
	at org.apache.maven.surefire.booter.ForkedBooter.execute(ForkedBooter.java:162)
	at org.apache.maven.surefire.booter.ForkedBooter.run(ForkedBooter.java:562)
	at org.apache.maven.surefire.booter.ForkedBooter.main(ForkedBooter.java:548)
java.lang.UnsupportedOperationException: Automatic grow operation not implemented!
	at com.runtimeverification.rvpredict.trace.LongToObjectMap.computeIfAbsent(LongToObjectMap.java:78)
	at com.runtimeverification.rvpredict.trace.Trace.processEvents(Trace.java:467)
	at com.runtimeverification.rvpredict.trace.Trace.<init>(Trace.java:172)
	at com.runtimeverification.rvpredict.trace.TraceState.initNextTraceWindow(TraceState.java:138)
	at com.runtimeverification.rvpredict.log.VolatileLoggingEngine.runRaceDetection(VolatileLoggingEngine.java:245)
	at com.runtimeverification.rvpredict.log.VolatileLoggingEngine.finishLogging(VolatileLoggingEngine.java:146)
	at com.runtimeverification.rvpredict.engine.main.RVPredict$1.run(RVPredict.java:140)
